This is pdfTeX, Version 3.141592653-2.6-1.40.22 (TeX Live 2021/W32TeX) (preloaded format=pdflatex 2021.6.11)  12 JUN 2021 17:26
entering extended mode
 restricted \write18 enabled.
 %&-line parsing enabled.
**Artigo.tex
(./Artigo.tex
LaTeX2e <2021-06-01>
L3 programming layer <2021-06-01> (c:/Users/lfpdr/AppData/Roaming/TinyTeX/texmf
-dist/tex/latex/base/article.cls
Document Class: article 2021/02/12 v1.4n Standard LaTeX document class
(c:/Users/lfpdr/AppData/Roaming/TinyTeX/texmf-dist/tex/latex/base/size10.clo
File: size10.clo 2021/02/12 v1.4n Standard LaTeX file (size option)
)
\c@part=\count182
\c@section=\count183
\c@subsection=\count184
\c@subsubsection=\count185
\c@paragraph=\count186
\c@subparagraph=\count187
\c@figure=\count188
\c@table=\count189
\abovecaptionskip=\skip47
\belowcaptionskip=\skip48
\bibindent=\dimen138
) (./arxiv.sty
(c:/Users/lfpdr/AppData/Roaming/TinyTeX/texmf-dist/tex/latex/geometry/geometry.
sty
Package: geometry 2020/01/02 v5.9 Page Geometry

(c:/Users/lfpdr/AppData/Roaming/TinyTeX/texmf-dist/tex/latex/graphics/keyval.st
y
Package: keyval 2014/10/28 v1.15 key=value parser (DPC)
\KV@toks@=\toks16
)
(c:/Users/lfpdr/AppData/Roaming/TinyTeX/texmf-dist/tex/generic/iftex/ifvtex.sty
Package: ifvtex 2019/10/25 v1.7 ifvtex legacy package. Use iftex instead.
(c:/Users/lfpdr/AppData/Roaming/TinyTeX/texmf-dist/tex/generic/iftex/iftex.sty
Package: iftex 2020/03/06 v1.0d TeX engine tests
))
\Gm@cnth=\count190
\Gm@cntv=\count191
\c@Gm@tempcnt=\count192
\Gm@bindingoffset=\dimen139
\Gm@wd@mp=\dimen140
\Gm@odd@mp=\dimen141
\Gm@even@mp=\dimen142
\Gm@layoutwidth=\dimen143
\Gm@layoutheight=\dimen144
\Gm@layouthoffset=\dimen145
\Gm@layoutvoffset=\dimen146
\Gm@dimlist=\toks17
)
(c:/Users/lfpdr/AppData/Roaming/TinyTeX/texmf-dist/tex/latex/fancyhdr/fancyhdr.
sty
Package: fancyhdr 2021/01/28 v4.0.1 Extensive control of page headers and foote
rs
\f@nch@headwidth=\skip49
\f@nch@O@elh=\skip50
\f@nch@O@erh=\skip51
\f@nch@O@olh=\skip52
\f@nch@O@orh=\skip53
\f@nch@O@elf=\skip54
\f@nch@O@erf=\skip55
\f@nch@O@olf=\skip56
\f@nch@O@orf=\skip57
)
\@abovecaptionskip=\skip58
\@belowcaptionskip=\skip59
) (c:/Users/lfpdr/AppData/Roaming/TinyTeX/texmf-dist/tex/latex/base/inputenc.st
y
Package: inputenc 2021/02/14 v1.3d Input encoding file
\inpenc@prehook=\toks18
\inpenc@posthook=\toks19
) (c:/Users/lfpdr/AppData/Roaming/TinyTeX/texmf-dist/tex/latex/base/fontenc.sty
Package: fontenc 2021/04/29 v2.0v Standard LaTeX package
LaTeX Font Info:    Trying to load font information for T1+ptm on input line 11
2.
(c:/Users/lfpdr/AppData/Roaming/TinyTeX/texmf-dist/tex/latex/psnfss/t1ptm.fd
File: t1ptm.fd 2001/06/04 font definitions for T1/ptm.
)) (c:/Users/lfpdr/AppData/Roaming/TinyTeX/texmf-dist/tex/latex/lm/lmodern.sty
Package: lmodern 2015/05/01 v1.6.1 Latin Modern Fonts
LaTeX Font Info:    Overwriting symbol font `operators' in version `normal'
(Font)                  OT1/cmr/m/n --> OT1/lmr/m/n on input line 22.
LaTeX Font Info:    Overwriting symbol font `letters' in version `normal'
(Font)                  OML/cmm/m/it --> OML/lmm/m/it on input line 23.
LaTeX Font Info:    Overwriting symbol font `symbols' in version `normal'
(Font)                  OMS/cmsy/m/n --> OMS/lmsy/m/n on input line 24.
LaTeX Font Info:    Overwriting symbol font `largesymbols' in version `normal'
(Font)                  OMX/cmex/m/n --> OMX/lmex/m/n on input line 25.
LaTeX Font Info:    Overwriting symbol font `operators' in version `bold'
(Font)                  OT1/cmr/bx/n --> OT1/lmr/bx/n on input line 26.
LaTeX Font Info:    Overwriting symbol font `letters' in version `bold'
(Font)                  OML/cmm/b/it --> OML/lmm/b/it on input line 27.
LaTeX Font Info:    Overwriting symbol font `symbols' in version `bold'
(Font)                  OMS/cmsy/b/n --> OMS/lmsy/b/n on input line 28.
LaTeX Font Info:    Overwriting symbol font `largesymbols' in version `bold'
(Font)                  OMX/cmex/m/n --> OMX/lmex/m/n on input line 29.
LaTeX Font Info:    Overwriting math alphabet `\mathbf' in version `normal'
(Font)                  OT1/cmr/bx/n --> OT1/lmr/bx/n on input line 31.
LaTeX Font Info:    Overwriting math alphabet `\mathsf' in version `normal'
(Font)                  OT1/cmss/m/n --> OT1/lmss/m/n on input line 32.
LaTeX Font Info:    Overwriting math alphabet `\mathit' in version `normal'
(Font)                  OT1/cmr/m/it --> OT1/lmr/m/it on input line 33.
LaTeX Font Info:    Overwriting math alphabet `\mathtt' in version `normal'
(Font)                  OT1/cmtt/m/n --> OT1/lmtt/m/n on input line 34.
LaTeX Font Info:    Overwriting math alphabet `\mathbf' in version `bold'
(Font)                  OT1/cmr/bx/n --> OT1/lmr/bx/n on input line 35.
LaTeX Font Info:    Overwriting math alphabet `\mathsf' in version `bold'
(Font)                  OT1/cmss/bx/n --> OT1/lmss/bx/n on input line 36.
LaTeX Font Info:    Overwriting math alphabet `\mathit' in version `bold'
(Font)                  OT1/cmr/bx/it --> OT1/lmr/bx/it on input line 37.
LaTeX Font Info:    Overwriting math alphabet `\mathtt' in version `bold'
(Font)                  OT1/cmtt/m/n --> OT1/lmtt/m/n on input line 38.
)
(c:/Users/lfpdr/AppData/Roaming/TinyTeX/texmf-dist/tex/latex/hyperref/hyperref.
sty
Package: hyperref 2021-06-07 v7.00m Hypertext links for LaTeX

(c:/Users/lfpdr/AppData/Roaming/TinyTeX/texmf-dist/tex/generic/ltxcmds/ltxcmds.
sty
Package: ltxcmds 2020-05-10 v1.25 LaTeX kernel commands for general use (HO)
)
(c:/Users/lfpdr/AppData/Roaming/TinyTeX/texmf-dist/tex/generic/pdftexcmds/pdfte
xcmds.sty
Package: pdftexcmds 2020-06-27 v0.33 Utility functions of pdfTeX for LuaTeX (HO
)

(c:/Users/lfpdr/AppData/Roaming/TinyTeX/texmf-dist/tex/generic/infwarerr/infwar
err.sty
Package: infwarerr 2019/12/03 v1.5 Providing info/warning/error messages (HO)
)
Package pdftexcmds Info: \pdf@primitive is available.
Package pdftexcmds Info: \pdf@ifprimitive is available.
Package pdftexcmds Info: \pdfdraftmode found.
)
(c:/Users/lfpdr/AppData/Roaming/TinyTeX/texmf-dist/tex/generic/kvsetkeys/kvsetk
eys.sty
Package: kvsetkeys 2019/12/15 v1.18 Key value parser (HO)
)
(c:/Users/lfpdr/AppData/Roaming/TinyTeX/texmf-dist/tex/generic/kvdefinekeys/kvd
efinekeys.sty
Package: kvdefinekeys 2019-12-19 v1.6 Define keys (HO)
)
(c:/Users/lfpdr/AppData/Roaming/TinyTeX/texmf-dist/tex/generic/pdfescape/pdfesc
ape.sty
Package: pdfescape 2019/12/09 v1.15 Implements pdfTeX's escape features (HO)
)
(c:/Users/lfpdr/AppData/Roaming/TinyTeX/texmf-dist/tex/latex/hycolor/hycolor.st
y
Package: hycolor 2020-01-27 v1.10 Color options for hyperref/bookmark (HO)
)
(c:/Users/lfpdr/AppData/Roaming/TinyTeX/texmf-dist/tex/latex/letltxmacro/letltx
macro.sty
Package: letltxmacro 2019/12/03 v1.6 Let assignment for LaTeX macros (HO)
)
(c:/Users/lfpdr/AppData/Roaming/TinyTeX/texmf-dist/tex/latex/auxhook/auxhook.st
y
Package: auxhook 2019-12-17 v1.6 Hooks for auxiliary files (HO)
)
(c:/Users/lfpdr/AppData/Roaming/TinyTeX/texmf-dist/tex/latex/kvoptions/kvoption
s.sty
Package: kvoptions 2020-10-07 v3.14 Key value format for package options (HO)
)
\@linkdim=\dimen147
\Hy@linkcounter=\count193
\Hy@pagecounter=\count194

(c:/Users/lfpdr/AppData/Roaming/TinyTeX/texmf-dist/tex/latex/hyperref/pd1enc.de
f
File: pd1enc.def 2021-06-07 v7.00m Hyperref: PDFDocEncoding definition (HO)
Now handling font encoding PD1 ...
... no UTF-8 mapping file for font encoding PD1
)
(c:/Users/lfpdr/AppData/Roaming/TinyTeX/texmf-dist/tex/latex/hyperref/hyperref-
langpatches.def
File: hyperref-langpatches.def 2021-06-07 v7.00m Hyperref: patches for babel la
nguages
)
(c:/Users/lfpdr/AppData/Roaming/TinyTeX/texmf-dist/tex/generic/intcalc/intcalc.
sty
Package: intcalc 2019/12/15 v1.3 Expandable calculations with integers (HO)
)
(c:/Users/lfpdr/AppData/Roaming/TinyTeX/texmf-dist/tex/generic/etexcmds/etexcmd
s.sty
Package: etexcmds 2019/12/15 v1.7 Avoid name clashes with e-TeX commands (HO)
)
\Hy@SavedSpaceFactor=\count195

(c:/Users/lfpdr/AppData/Roaming/TinyTeX/texmf-dist/tex/latex/hyperref/puenc.def
File: puenc.def 2021-06-07 v7.00m Hyperref: PDF Unicode definition (HO)
Now handling font encoding PU ...
... no UTF-8 mapping file for font encoding PU
)
Package hyperref Info: Hyper figures OFF on input line 4192.
Package hyperref Info: Link nesting OFF on input line 4197.
Package hyperref Info: Hyper index ON on input line 4200.
Package hyperref Info: Plain pages OFF on input line 4207.
Package hyperref Info: Backreferencing OFF on input line 4212.
Package hyperref Info: Implicit mode ON; LaTeX internals redefined.
Package hyperref Info: Bookmarks ON on input line 4445.
\c@Hy@tempcnt=\count196
(c:/Users/lfpdr/AppData/Roaming/TinyTeX/texmf-dist/tex/latex/url/url.sty
\Urlmuskip=\muskip16
Package: url 2013/09/16  ver 3.4  Verb mode for urls, etc.
)
LaTeX Info: Redefining \url on input line 4804.
\XeTeXLinkMargin=\dimen148

(c:/Users/lfpdr/AppData/Roaming/TinyTeX/texmf-dist/tex/generic/bitset/bitset.st
y
Package: bitset 2019/12/09 v1.3 Handle bit-vector datatype (HO)

(c:/Users/lfpdr/AppData/Roaming/TinyTeX/texmf-dist/tex/generic/bigintcalc/bigin
tcalc.sty
Package: bigintcalc 2019/12/15 v1.5 Expandable calculations on big integers (HO
)
))
\Fld@menulength=\count197
\Field@Width=\dimen149
\Fld@charsize=\dimen150
Package hyperref Info: Hyper figures OFF on input line 6076.
Package hyperref Info: Link nesting OFF on input line 6081.
Package hyperref Info: Hyper index ON on input line 6084.
Package hyperref Info: backreferencing OFF on input line 6091.
Package hyperref Info: Link coloring OFF on input line 6096.
Package hyperref Info: Link coloring with OCG OFF on input line 6101.
Package hyperref Info: PDF/A mode OFF on input line 6106.
LaTeX Info: Redefining \ref on input line 6146.
LaTeX Info: Redefining \pageref on input line 6150.

(c:/Users/lfpdr/AppData/Roaming/TinyTeX/texmf-dist/tex/latex/base/atbegshi-ltx.
sty
Package: atbegshi-ltx 2021/01/10 v1.0c Emulation of the original atbegshi
package with kernel methods
)
\Hy@abspage=\count198
\c@Item=\count199
\c@Hfootnote=\count266
)
Package hyperref Info: Driver (autodetected): hpdftex.

(c:/Users/lfpdr/AppData/Roaming/TinyTeX/texmf-dist/tex/latex/hyperref/hpdftex.d
ef
File: hpdftex.def 2021-06-07 v7.00m Hyperref driver for pdfTeX

(c:/Users/lfpdr/AppData/Roaming/TinyTeX/texmf-dist/tex/latex/base/atveryend-ltx
.sty
Package: atveryend-ltx 2020/08/19 v1.0a Emulation of the original atvery packag
e
with kernel methods
)
\Fld@listcount=\count267
\c@bookmark@seq@number=\count268

(c:/Users/lfpdr/AppData/Roaming/TinyTeX/texmf-dist/tex/latex/rerunfilecheck/rer
unfilecheck.sty
Package: rerunfilecheck 2019/12/05 v1.9 Rerun checks for auxiliary files (HO)

(c:/Users/lfpdr/AppData/Roaming/TinyTeX/texmf-dist/tex/generic/uniquecounter/un
iquecounter.sty
Package: uniquecounter 2019/12/15 v1.4 Provide unlimited unique counter (HO)
)
Package uniquecounter Info: New unique counter `rerunfilecheck' on input line 2
86.
)
\Hy@SectionHShift=\skip60
)
(c:/Users/lfpdr/AppData/Roaming/TinyTeX/texmf-dist/tex/latex/booktabs/booktabs.
sty
Package: booktabs 2020/01/12 v1.61803398 Publication quality tables
\heavyrulewidth=\dimen151
\lightrulewidth=\dimen152
\cmidrulewidth=\dimen153
\belowrulesep=\dimen154
\belowbottomsep=\dimen155
\aboverulesep=\dimen156
\abovetopsep=\dimen157
\cmidrulesep=\dimen158
\cmidrulekern=\dimen159
\defaultaddspace=\dimen160
\@cmidla=\count269
\@cmidlb=\count270
\@aboverulesep=\dimen161
\@belowrulesep=\dimen162
\@thisruleclass=\count271
\@lastruleclass=\count272
\@thisrulewidth=\dimen163
)
(c:/Users/lfpdr/AppData/Roaming/TinyTeX/texmf-dist/tex/latex/amsfonts/amsfonts.
sty
Package: amsfonts 2013/01/14 v3.01 Basic AMSFonts support
\@emptytoks=\toks20
\symAMSa=\mathgroup4
\symAMSb=\mathgroup5
LaTeX Font Info:    Redeclaring math symbol \hbar on input line 98.
LaTeX Font Info:    Overwriting math alphabet `\mathfrak' in version `bold'
(Font)                  U/euf/m/n --> U/euf/b/n on input line 106.
)
(c:/Users/lfpdr/AppData/Roaming/TinyTeX/texmf-dist/tex/latex/units/nicefrac.sty
Package: nicefrac 1998/08/04 v0.9b Nice fractions
\L@UnitsRaiseDisplaystyle=\skip61
\L@UnitsRaiseTextstyle=\skip62
\L@UnitsRaiseScriptstyle=\skip63
(c:/Users/lfpdr/AppData/Roaming/TinyTeX/texmf-dist/tex/latex/base/ifthen.sty
Package: ifthen 2020/11/24 v1.1c Standard LaTeX ifthen package (DPC)
))
(c:/Users/lfpdr/AppData/Roaming/TinyTeX/texmf-dist/tex/latex/microtype/microtyp
e.sty
Package: microtype 2021/03/14 v2.8c Micro-typographical refinements (RS)
\MT@toks=\toks21
\MT@count=\count273
LaTeX Info: Redefining \textls on input line 790.
\MT@outer@kern=\dimen164
LaTeX Info: Redefining \textmicrotypecontext on input line 1374.
\MT@listname@count=\count274

(c:/Users/lfpdr/AppData/Roaming/TinyTeX/texmf-dist/tex/latex/microtype/microtyp
e-pdftex.def
File: microtype-pdftex.def 2021/03/14 v2.8c Definitions specific to pdftex (RS)

LaTeX Info: Redefining \lsstyle on input line 915.
LaTeX Info: Redefining \lslig on input line 915.
\MT@outer@space=\skip64
)
Package microtype Info: Loading configuration file microtype.cfg.

(c:/Users/lfpdr/AppData/Roaming/TinyTeX/texmf-dist/tex/latex/microtype/microtyp
e.cfg
File: microtype.cfg 2021/03/14 v2.8c microtype main configuration file (RS)
)) (c:/Users/lfpdr/AppData/Roaming/TinyTeX/texmf-dist/tex/latex/lipsum/lipsum.s
ty
(c:/Users/lfpdr/AppData/Roaming/TinyTeX/texmf-dist/tex/latex/l3kernel/expl3.sty
Package: expl3 2021-06-01 L3 programming layer (loader) 

(c:/Users/lfpdr/AppData/Roaming/TinyTeX/texmf-dist/tex/latex/l3backend/l3backen
d-pdftex.def
File: l3backend-pdftex.def 2021-05-07 L3 backend support: PDF output (pdfTeX)
\l__color_backend_stack_int=\count275
\l__pdf_internal_box=\box50
))
(c:/Users/lfpdr/AppData/Roaming/TinyTeX/texmf-dist/tex/latex/l3packages/xparse/
xparse.sty
Package: xparse 2021-06-01 L3 Experimental document command parser
)
Package: lipsum 2021-03-03 v2.3 150 paragraphs of Lorem Ipsum dummy text

(c:/Users/lfpdr/AppData/Roaming/TinyTeX/texmf-dist/tex/latex/lipsum/lipsum.ltd.
tex
File: lipsum.ltd.tex 2021-03-03 v2.3 The Lorem ipsum dummy text
))
(c:/Users/lfpdr/AppData/Roaming/TinyTeX/texmf-dist/tex/latex/graphics/graphicx.
sty
Package: graphicx 2020/12/05 v1.2c Enhanced LaTeX Graphics (DPC,SPQR)

(c:/Users/lfpdr/AppData/Roaming/TinyTeX/texmf-dist/tex/latex/graphics/graphics.
sty
Package: graphics 2021/03/04 v1.4d Standard LaTeX Graphics (DPC,SPQR)
(c:/Users/lfpdr/AppData/Roaming/TinyTeX/texmf-dist/tex/latex/graphics/trig.sty
Package: trig 2016/01/03 v1.10 sin cos tan (DPC)
)
(c:/Users/lfpdr/AppData/Roaming/TinyTeX/texmf-dist/tex/latex/graphics-cfg/graph
ics.cfg
File: graphics.cfg 2016/06/04 v1.11 sample graphics configuration
)
Package graphics Info: Driver file: pdftex.def on input line 107.

(c:/Users/lfpdr/AppData/Roaming/TinyTeX/texmf-dist/tex/latex/graphics-def/pdfte
x.def
File: pdftex.def 2020/10/05 v1.2a Graphics/color driver for pdftex
))
\Gin@req@height=\dimen165
\Gin@req@width=\dimen166
)
(c:/Users/lfpdr/AppData/Roaming/TinyTeX/texmf-dist/tex/latex/graphics/color.sty
Package: color 2020/02/24 v1.2b Standard LaTeX Color (DPC)

(c:/Users/lfpdr/AppData/Roaming/TinyTeX/texmf-dist/tex/latex/graphics-cfg/color
.cfg
File: color.cfg 2016/01/02 v1.6 sample color configuration
)
Package color Info: Driver file: pdftex.def on input line 149.
)
(c:/Users/lfpdr/AppData/Roaming/TinyTeX/texmf-dist/tex/latex/fancyvrb/fancyvrb.
sty
Package: fancyvrb 2021/01/20 v3.7 verbatim text (tvz,hv)
\FV@CodeLineNo=\count276
\FV@InFile=\read2
\FV@TabBox=\box51
\c@FancyVerbLine=\count277
\FV@StepNumber=\count278
\FV@OutFile=\write3
) (c:/Users/lfpdr/AppData/Roaming/TinyTeX/texmf-dist/tex/latex/framed/framed.st
y
Package: framed 2011/10/22 v 0.96: framed or shaded text with page breaks
\OuterFrameSep=\skip65
\fb@frw=\dimen167
\fb@frh=\dimen168
\FrameRule=\dimen169
\FrameSep=\dimen170
)
(c:/Users/lfpdr/AppData/Roaming/TinyTeX/texmf-dist/tex/latex/amsmath/amsmath.st
y
Package: amsmath 2021/04/20 v2.17j AMS math features
\@mathmargin=\skip66
For additional information on amsmath, use the `?' option.

(c:/Users/lfpdr/AppData/Roaming/TinyTeX/texmf-dist/tex/latex/amsmath/amstext.st
y
Package: amstext 2000/06/29 v2.01 AMS text

(c:/Users/lfpdr/AppData/Roaming/TinyTeX/texmf-dist/tex/latex/amsmath/amsgen.sty
File: amsgen.sty 1999/11/30 v2.0 generic functions
\@emptytoks=\toks22
\ex@=\dimen171
))
(c:/Users/lfpdr/AppData/Roaming/TinyTeX/texmf-dist/tex/latex/amsmath/amsbsy.sty
Package: amsbsy 1999/11/29 v1.2d Bold Symbols
\pmbraise@=\dimen172
)
(c:/Users/lfpdr/AppData/Roaming/TinyTeX/texmf-dist/tex/latex/amsmath/amsopn.sty
Package: amsopn 2016/03/08 v2.02 operator names
)
\inf@bad=\count279
LaTeX Info: Redefining \frac on input line 234.
\uproot@=\count280
\leftroot@=\count281
LaTeX Info: Redefining \overline on input line 399.
\classnum@=\count282
\DOTSCASE@=\count283
LaTeX Info: Redefining \ldots on input line 496.
LaTeX Info: Redefining \dots on input line 499.
LaTeX Info: Redefining \cdots on input line 620.
\Mathstrutbox@=\box52
\strutbox@=\box53
\big@size=\dimen173
LaTeX Font Info:    Redeclaring font encoding OML on input line 743.
LaTeX Font Info:    Redeclaring font encoding OMS on input line 744.
\macc@depth=\count284
\c@MaxMatrixCols=\count285
\dotsspace@=\muskip17
\c@parentequation=\count286
\dspbrk@lvl=\count287
\tag@help=\toks23
\row@=\count288
\column@=\count289
\maxfields@=\count290
\andhelp@=\toks24
\eqnshift@=\dimen174
\alignsep@=\dimen175
\tagshift@=\dimen176
\tagwidth@=\dimen177
\totwidth@=\dimen178
\lineht@=\dimen179
\@envbody=\toks25
\multlinegap=\skip67
\multlinetaggap=\skip68
\mathdisplay@stack=\toks26
LaTeX Info: Redefining \[ on input line 2923.
LaTeX Info: Redefining \] on input line 2924.
) (c:/Users/lfpdr/AppData/Roaming/TinyTeX/texmf-dist/tex/latex/float/float.sty
Package: float 2001/11/08 v1.3d Float enhancements (AL)
\c@float@type=\count291
\float@exts=\toks27
\float@box=\box54
\@float@everytoks=\toks28
\@floatcapt=\box55
) (c:/Users/lfpdr/AppData/Roaming/TinyTeX/texmf-dist/tex/generic/babel/babel.st
y
Package: babel 2021/06/02 3.60 The Babel package
(c:/Users/lfpdr/AppData/Roaming/TinyTeX/texmf-dist/tex/generic/babel/babel.def
File: babel.def 2021/06/02 3.60 Babel common definitions
\babel@savecnt=\count292
\U@D=\dimen180
\l@unhyphenated=\language6

(c:/Users/lfpdr/AppData/Roaming/TinyTeX/texmf-dist/tex/generic/babel/txtbabel.d
ef)
\bbl@readstream=\read3
)
\bbl@dirlevel=\count293

(c:/Users/lfpdr/AppData/Roaming/TinyTeX/texmf-dist/tex/generic/babel-portuges/b
razil.ldf
Language: portuges 2021/02/04 v1.2s Portuguese support from the babel system
Package babel Info: Hyphen rules for 'brazil' set to \l@portuguese
(babel)             (\language5). Reported on input line 111.
Package babel Info: Making " an active character on input line 143.
))
LaTeX Font Info:    Trying to load font information for T1+lmr on input line 76
.
(c:/Users/lfpdr/AppData/Roaming/TinyTeX/texmf-dist/tex/latex/lm/t1lmr.fd
File: t1lmr.fd 2015/05/01 v1.6.1 Font defs for Latin Modern
) (./Artigo.aux

LaTeX Warning: Label `' multiply defined.


LaTeX Warning: Label `' multiply defined.


LaTeX Warning: Label `' multiply defined.

)
\openout1 = `Artigo.aux'.

LaTeX Font Info:    Checking defaults for OML/cmm/m/it on input line 76.
LaTeX Font Info:    ... okay on input line 76.
LaTeX Font Info:    Checking defaults for OMS/cmsy/m/n on input line 76.
LaTeX Font Info:    ... okay on input line 76.
LaTeX Font Info:    Checking defaults for OT1/cmr/m/n on input line 76.
LaTeX Font Info:    ... okay on input line 76.
LaTeX Font Info:    Checking defaults for T1/cmr/m/n on input line 76.
LaTeX Font Info:    ... okay on input line 76.
LaTeX Font Info:    Checking defaults for TS1/cmr/m/n on input line 76.
LaTeX Font Info:    ... okay on input line 76.
LaTeX Font Info:    Checking defaults for OMX/cmex/m/n on input line 76.
LaTeX Font Info:    ... okay on input line 76.
LaTeX Font Info:    Checking defaults for U/cmr/m/n on input line 76.
LaTeX Font Info:    ... okay on input line 76.
LaTeX Font Info:    Checking defaults for PD1/pdf/m/n on input line 76.
LaTeX Font Info:    ... okay on input line 76.
LaTeX Font Info:    Checking defaults for PU/pdf/m/n on input line 76.
LaTeX Font Info:    ... okay on input line 76.
*geometry* driver: auto-detecting
*geometry* detected driver: pdftex
*geometry* verbose mode - [ preamble ] result:
* driver: pdftex
* paper: letterpaper
* layout: <same size as paper>
* layoutoffset:(h,v)=(0.0pt,0.0pt)
* modes: 
* h-part:(L,W,R)=(92.14519pt, 430.00462pt, 92.14519pt)
* v-part:(T,H,B)=(95.39737pt, 556.47656pt, 143.09605pt)
* \paperwidth=614.295pt
* \paperheight=794.96999pt
* \textwidth=430.00462pt
* \textheight=556.47656pt
* \oddsidemargin=19.8752pt
* \evensidemargin=19.8752pt
* \topmargin=-13.87262pt
* \headheight=12.0pt
* \headsep=25.0pt
* \topskip=10.0pt
* \footskip=30.0pt
* \marginparwidth=65.0pt
* \marginparsep=11.0pt
* \columnsep=10.0pt
* \skip\footins=9.0pt plus 4.0pt minus 2.0pt
* \hoffset=0.0pt
* \voffset=0.0pt
* \mag=1000
* \@twocolumnfalse
* \@twosidefalse
* \@mparswitchfalse
* \@reversemarginfalse
* (1in=72.27pt=25.4mm, 1cm=28.453pt)

*geometry* verbose mode - [ newgeometry ] result:
* driver: pdftex
* paper: letterpaper
* layout: <same size as paper>
* layoutoffset:(h,v)=(0.0pt,0.0pt)
* modes: 
* h-part:(L,W,R)=(72.27pt, 469.75499pt, 72.27pt)
* v-part:(T,H,B)=(72.26999pt, 650.43pt, 72.27pt)
* \paperwidth=614.295pt
* \paperheight=794.96999pt
* \textwidth=469.75499pt
* \textheight=650.43pt
* \oddsidemargin=0.00002pt
* \evensidemargin=0.00002pt
* \topmargin=-39.0pt
* \headheight=14.0pt
* \headsep=25.0pt
* \topskip=10.0pt
* \footskip=30.0pt
* \marginparwidth=65.0pt
* \marginparsep=11.0pt
* \columnsep=10.0pt
* \skip\footins=9.0pt plus 4.0pt minus 2.0pt
* \hoffset=0.0pt
* \voffset=0.0pt
* \mag=1000
* \@twocolumnfalse
* \@twosidefalse
* \@mparswitchfalse
* \@reversemarginfalse
* (1in=72.27pt=25.4mm, 1cm=28.453pt)

Package hyperref Info: Link coloring OFF on input line 76.

(c:/Users/lfpdr/AppData/Roaming/TinyTeX/texmf-dist/tex/latex/hyperref/nameref.s
ty
Package: nameref 2021-04-02 v2.47 Cross-referencing by name of section

(c:/Users/lfpdr/AppData/Roaming/TinyTeX/texmf-dist/tex/latex/refcount/refcount.
sty
Package: refcount 2019/12/15 v3.6 Data extraction from label references (HO)
)
(c:/Users/lfpdr/AppData/Roaming/TinyTeX/texmf-dist/tex/generic/gettitlestring/g
ettitlestring.sty
Package: gettitlestring 2019/12/15 v1.6 Cleanup title references (HO)
)
\c@section@level=\count294
)
LaTeX Info: Redefining \ref on input line 76.
LaTeX Info: Redefining \pageref on input line 76.
LaTeX Info: Redefining \nameref on input line 76.
(./Artigo.out) (./Artigo.out)
\@outlinefile=\write4
\openout4 = `Artigo.out'.

LaTeX Info: Redefining \microtypecontext on input line 76.
Package microtype Info: Generating PDF output.
Package microtype Info: Character protrusion enabled (level 2).
Package microtype Info: Using default protrusion set `alltext'.
Package microtype Info: Automatic font expansion enabled (level 2),
(microtype)             stretch: 20, shrink: 20, step: 1, non-selected.
Package microtype Info: Using default expansion set `alltext-nott'.
LaTeX Info: Redefining \showhyphens on input line 76.
Package microtype Info: No adjustment of tracking.
Package microtype Info: No adjustment of interword spacing.
Package microtype Info: No adjustment of character kerning.

(c:/Users/lfpdr/AppData/Roaming/TinyTeX/texmf-dist/tex/latex/microtype/mt-cmr.c
fg
File: mt-cmr.cfg 2013/05/19 v2.2 microtype config. file: Computer Modern Roman 
(RS)
)
(c:/Users/lfpdr/AppData/Roaming/TinyTeX/texmf-dist/tex/latex/epstopdf-pkg/epsto
pdf-base.sty
Package: epstopdf-base 2020-01-24 v2.11 Base part for package epstopdf
Package epstopdf-base Info: Redefining graphics rule for `.eps' on input line 4
85.

(c:/Users/lfpdr/AppData/Roaming/TinyTeX/texmf-dist/tex/latex/latexconfig/epstop
df-sys.cfg
File: epstopdf-sys.cfg 2010/07/13 v1.3 Configuration of (r)epstopdf for TeX Liv
e
))
Package microtype Info: Character `029' is missing
(microtype)             in font `T1/lmr/m/sc/17.28'.
(microtype)             Ignoring protrusion settings for this character.
Package microtype Info: Character `029' is missing
(microtype)             in font `T1/lmr/m/sc/10'.
(microtype)             Ignoring protrusion settings for this character.
LaTeX Font Info:    Trying to load font information for OT1+lmr on input line 7
8.
(c:/Users/lfpdr/AppData/Roaming/TinyTeX/texmf-dist/tex/latex/lm/ot1lmr.fd
File: ot1lmr.fd 2015/05/01 v1.6.1 Font defs for Latin Modern
)
LaTeX Font Info:    Trying to load font information for OML+lmm on input line 7
8.
(c:/Users/lfpdr/AppData/Roaming/TinyTeX/texmf-dist/tex/latex/lm/omllmm.fd
File: omllmm.fd 2015/05/01 v1.6.1 Font defs for Latin Modern
)
LaTeX Font Info:    Trying to load font information for OMS+lmsy on input line 
78.
(c:/Users/lfpdr/AppData/Roaming/TinyTeX/texmf-dist/tex/latex/lm/omslmsy.fd
File: omslmsy.fd 2015/05/01 v1.6.1 Font defs for Latin Modern
)
LaTeX Font Info:    Trying to load font information for OMX+lmex on input line 
78.
(c:/Users/lfpdr/AppData/Roaming/TinyTeX/texmf-dist/tex/latex/lm/omxlmex.fd
File: omxlmex.fd 2015/05/01 v1.6.1 Font defs for Latin Modern
)
LaTeX Font Info:    External font `lmex10' loaded for size
(Font)              <10> on input line 78.
LaTeX Font Info:    External font `lmex10' loaded for size
(Font)              <7> on input line 78.
LaTeX Font Info:    External font `lmex10' loaded for size
(Font)              <5> on input line 78.
LaTeX Font Info:    Trying to load font information for U+msa on input line 78.

(c:/Users/lfpdr/AppData/Roaming/TinyTeX/texmf-dist/tex/latex/amsfonts/umsa.fd
File: umsa.fd 2013/01/14 v3.01 AMS symbols A
)
(c:/Users/lfpdr/AppData/Roaming/TinyTeX/texmf-dist/tex/latex/microtype/mt-msa.c
fg
File: mt-msa.cfg 2006/02/04 v1.1 microtype config. file: AMS symbols (a) (RS)
)
LaTeX Font Info:    Trying to load font information for U+msb on input line 78.

(c:/Users/lfpdr/AppData/Roaming/TinyTeX/texmf-dist/tex/latex/amsfonts/umsb.fd
File: umsb.fd 2013/01/14 v3.01 AMS symbols B
)
(c:/Users/lfpdr/AppData/Roaming/TinyTeX/texmf-dist/tex/latex/microtype/mt-msb.c
fg
File: mt-msb.cfg 2005/06/01 v1.0 microtype config. file: AMS symbols (b) (RS)
)
LaTeX Font Info:    Trying to load font information for T1+lmtt on input line 7
8.
(c:/Users/lfpdr/AppData/Roaming/TinyTeX/texmf-dist/tex/latex/lm/t1lmtt.fd
File: t1lmtt.fd 2015/05/01 v1.6.1 Font defs for Latin Modern
)
Package microtype Info: Loading generic protrusion settings for font family
(microtype)             `lmtt' (encoding: T1).
(microtype)             For optimal results, create family-specific settings.
(microtype)             See the microtype manual for details.

LaTeX Font Warning: Font shape `T1/lmr/bx/sc' undefined
(Font)              using `T1/lmr/bx/n' instead on input line 82.

[1


{c:/Users/lfpdr/AppData/Roaming/TinyTeX/texmf-var/fonts/map/pdftex/updmap/pdfte
x.map}] [2]
LaTeX Font Info:    Trying to load font information for TS1+lmr on input line 3
00.
(c:/Users/lfpdr/AppData/Roaming/TinyTeX/texmf-dist/tex/latex/lm/ts1lmr.fd
File: ts1lmr.fd 2015/05/01 v1.6.1 Font defs for Latin Modern
)
LaTeX Font Info:    Font shape `T1/lmtt/bx/n' in size <10> not available
(Font)              Font shape `T1/lmtt/b/n' tried instead on input line 305.
[3pdfTeX warning (ext4): destination with the same identifier (name{table.1}) h
as been already used, duplicate ignored
<argument> ...shipout:D \box_use:N \l_shipout_box 
                                                  \__shipout_drop_firstpage_...
l.335 \begin{Shaded}
                    ] [4pdfTeX warning (ext4): destination with the same identi
fier (name{table.2}) has been already used, duplicate ignored
<argument> ...shipout:D \box_use:N \l_shipout_box 
                                                  \__shipout_drop_firstpage_...
l.443 \end{verbatim}
                    ] [5]

LaTeX Warning: Reference `fig:dados1' on page 6 undefined on input line 561.

<./images/dados1-1.png, id=140, 469.755pt x 325.215pt>
File: ./images/dados1-1.png Graphic file (type png)
<use ./images/dados1-1.png>
Package pdftex.def Info: ./images/dados1-1.png  used on input line 573.
(pdftex.def)             Requested size: 469.75386pt x 325.2142pt.
LaTeX Font Info:    External font `lmex10' loaded for size
(Font)              <9> on input line 581.
LaTeX Font Info:    External font `lmex10' loaded for size
(Font)              <6> on input line 581.
<./images/wrongModel-1.png, id=142, 433.62pt x 216.81pt>
File: ./images/wrongModel-1.png Graphic file (type png)
<use ./images/wrongModel-1.png>
Package pdftex.def Info: ./images/wrongModel-1.png  used on input line 591.
(pdftex.def)             Requested size: 433.61894pt x 216.80946pt.
<./images/fitPlot-1.png, id=143, 469.755pt x 325.215pt>
File: ./images/fitPlot-1.png Graphic file (type png)
<use ./images/fitPlot-1.png>
Package pdftex.def Info: ./images/fitPlot-1.png  used on input line 596.
(pdftex.def)             Requested size: 234.87749pt x 162.6071pt.
<./images/fitPlot-2.png, id=144, 469.755pt x 325.215pt>
File: ./images/fitPlot-2.png Graphic file (type png)
<use ./images/fitPlot-2.png>
Package pdftex.def Info: ./images/fitPlot-2.png  used on input line 596.
(pdftex.def)             Requested size: 234.87749pt x 162.6071pt.
<./images/fitPlot-3.png, id=145, 469.755pt x 325.215pt>
File: ./images/fitPlot-3.png Graphic file (type png)
<use ./images/fitPlot-3.png>
Package pdftex.def Info: ./images/fitPlot-3.png  used on input line 596.
(pdftex.def)             Requested size: 234.87749pt x 162.6071pt.
<./images/fitPlot-4.png, id=146, 469.755pt x 325.215pt>
File: ./images/fitPlot-4.png Graphic file (type png)
<use ./images/fitPlot-4.png>
Package pdftex.def Info: ./images/fitPlot-4.png  used on input line 596.
(pdftex.def)             Requested size: 234.87749pt x 162.6071pt.

Overfull \hbox (2.2222pt too wide) in paragraph at lines 596--596
[][] []
 []


Overfull \hbox (2.2222pt too wide) in paragraph at lines 596--596
[] []
 []


Underfull \vbox (badness 1824) has occurred while \output is active []

[6pdfTeX warning (ext4): destination with the same identifier (name{figure.1}) 
has been already used, duplicate ignored
<argument> ...shipout:D \box_use:N \l_shipout_box 
                                                  \__shipout_drop_firstpage_...
l.598 
       <./images/dados1-1.png>]
Underfull \vbox (badness 10000) has occurred while \output is active []

[7pdfTeX warning (ext4): destination with the same identifier (name{figure.2}) 
has been already used, duplicate ignored
<argument> ...shipout:D \box_use:N \l_shipout_box 
                                                  \__shipout_drop_firstpage_...
l.604 \begin{verbatim}
                      pdfTeX warning (ext4): destination with the same identifi
er (name{figure.3}) has been already used, duplicate ignored
<argument> ...shipout:D \box_use:N \l_shipout_box 
                                                  \__shipout_drop_firstpage_...
l.604 \begin{verbatim}
                       <./images/wrongModel-1.png> <./images/fitPlot-1.png> <./
images/fitPlot-2.png> <./images/fitPlot-3.png> <./images/fitPlot-4.png>]
<./images/rightModel-1.png, id=171, 469.755pt x 325.215pt>
File: ./images/rightModel-1.png Graphic file (type png)
<use ./images/rightModel-1.png>
Package pdftex.def Info: ./images/rightModel-1.png  used on input line 618.
(pdftex.def)             Requested size: 469.75386pt x 325.2142pt.
<./images/unnamed-chunk-20-1.png, id=172, 469.755pt x 325.215pt>
File: ./images/unnamed-chunk-20-1.png Graphic file (type png)
<use ./images/unnamed-chunk-20-1.png>
Package pdftex.def Info: ./images/unnamed-chunk-20-1.png  used on input line 62
3.
(pdftex.def)             Requested size: 234.87749pt x 162.6071pt.
<./images/unnamed-chunk-20-2.png, id=173, 469.755pt x 325.215pt>
File: ./images/unnamed-chunk-20-2.png Graphic file (type png)
<use ./images/unnamed-chunk-20-2.png>
Package pdftex.def Info: ./images/unnamed-chunk-20-2.png  used on input line 62
4.
(pdftex.def)             Requested size: 234.87749pt x 162.6071pt.
<./images/unnamed-chunk-20-3.png, id=174, 469.755pt x 325.215pt>
File: ./images/unnamed-chunk-20-3.png Graphic file (type png)
<use ./images/unnamed-chunk-20-3.png>
Package pdftex.def Info: ./images/unnamed-chunk-20-3.png  used on input line 62
5.
(pdftex.def)             Requested size: 234.87749pt x 162.6071pt.
<./images/unnamed-chunk-20-4.png, id=175, 469.755pt x 325.215pt>
File: ./images/unnamed-chunk-20-4.png Graphic file (type png)
<use ./images/unnamed-chunk-20-4.png>
Package pdftex.def Info: ./images/unnamed-chunk-20-4.png  used on input line 62
6.
(pdftex.def)             Requested size: 234.87749pt x 162.6071pt.

Overfull \hbox (2.2222pt too wide) in paragraph at lines 623--627
[][] []
 []


Overfull \hbox (2.2222pt too wide) in paragraph at lines 623--627
[] [] 
 []


Underfull \vbox (badness 10000) has occurred while \output is active []

[8pdfTeX warning (ext4): destination with the same identifier (name{figure.4}) 
has been already used, duplicate ignored
<argument> ...shipout:D \box_use:N \l_shipout_box 
                                                  \__shipout_drop_firstpage_...
l.628 \begin{verbatim}
                       <./images/rightModel-1.png>]

LaTeX Warning: Reference `fig:dadosHomogeneizados' on page 9 undefined on input
 line 638.

<./images/dadosHomogeneizados-1.png, id=183, 469.755pt x 325.215pt>
File: ./images/dadosHomogeneizados-1.png Graphic file (type png)
<use ./images/dadosHomogeneizados-1.png>
Package pdftex.def Info: ./images/dadosHomogeneizados-1.png  used on input line
 647.
(pdftex.def)             Requested size: 469.75386pt x 325.2142pt.
<./images/fithomPlot-1.png, id=184, 469.755pt x 325.215pt>
File: ./images/fithomPlot-1.png Graphic file (type png)
<use ./images/fithomPlot-1.png>
Package pdftex.def Info: ./images/fithomPlot-1.png  used on input line 651.
(pdftex.def)             Requested size: 234.87749pt x 162.6071pt.
<./images/fithomPlot-2.png, id=185, 469.755pt x 325.215pt>
File: ./images/fithomPlot-2.png Graphic file (type png)
<use ./images/fithomPlot-2.png>
Package pdftex.def Info: ./images/fithomPlot-2.png  used on input line 652.
(pdftex.def)             Requested size: 234.87749pt x 162.6071pt.
<./images/fithomPlot-3.png, id=186, 469.755pt x 325.215pt>
File: ./images/fithomPlot-3.png Graphic file (type png)
<use ./images/fithomPlot-3.png>
Package pdftex.def Info: ./images/fithomPlot-3.png  used on input line 653.
(pdftex.def)             Requested size: 234.87749pt x 162.6071pt.
<./images/fithomPlot-4.png, id=187, 469.755pt x 325.215pt>
File: ./images/fithomPlot-4.png Graphic file (type png)
<use ./images/fithomPlot-4.png>
Package pdftex.def Info: ./images/fithomPlot-4.png  used on input line 654.
(pdftex.def)             Requested size: 234.87749pt x 162.6071pt.

Overfull \hbox (2.2222pt too wide) in paragraph at lines 651--655
[][] []
 []


Overfull \hbox (2.2222pt too wide) in paragraph at lines 651--655
[] [] 
 []


Underfull \vbox (badness 10000) has occurred while \output is active []

[9 <./images/unnamed-chunk-20-1.png> <./images/unnamed-chunk-20-2.png> <./image
s/unnamed-chunk-20-3.png> <./images/unnamed-chunk-20-4.png>]
Overfull \vbox (47.84283pt too high) has occurred while \output is active []

[10pdfTeX warning (ext4): destination with the same identifier (name{figure.5})
 has been already used, duplicate ignored
<argument> ...shipout:D \box_use:N \l_shipout_box 
                                                  \__shipout_drop_firstpage_...
l.656 \begin{verbatim}
                       <./images/dadosHomogeneizados-1.png> <./images/fithomPlo
t-1.png> <./images/fithomPlot-2.png> <./images/fithomPlot-3.png> <./images/fith
omPlot-4.png>]
Overfull \hbox (45.43976pt too wide) in paragraph at lines 704--730
 [][] 
 []

[11pdfTeX warning (ext4): destination with the same identifier (name{table.3}) 
has been already used, duplicate ignored
<argument> ...shipout:D \box_use:N \l_shipout_box 
                                                  \__shipout_drop_firstpage_...
l.754 \[
        VU = \exp(7,5 - 0,25\cdot \log(Area) - 0,1\cdot Fonte + \varepsilon)\]]
<./images/dados2-1.png, id=218, 469.755pt x 325.215pt>
File: ./images/dados2-1.png Graphic file (type png)
<use ./images/dados2-1.png>
Package pdftex.def Info: ./images/dados2-1.png  used on input line 770.
(pdftex.def)             Requested size: 469.75386pt x 325.2142pt.
<./images/unnamed-chunk-27-1.png, id=219, 433.62pt x 216.81pt>
File: ./images/unnamed-chunk-27-1.png Graphic file (type png)
<use ./images/unnamed-chunk-27-1.png>
Package pdftex.def Info: ./images/unnamed-chunk-27-1.png  used on input line 77
4.
(pdftex.def)             Requested size: 433.61894pt x 216.80946pt.

Underfull \vbox (badness 10000) has occurred while \output is active []

[12pdfTeX warning (ext4): destination with the same identifier (name{figure.6})
 has been already used, duplicate ignored
<argument> ...shipout:D \box_use:N \l_shipout_box 
                                                  \__shipout_drop_firstpage_...
l.776 \includegraphics
                      [width=0.5\linewidth]{./images/unnamed-chunk-28-1} <./ima
ges/dados2-1.png>]
<./images/unnamed-chunk-28-1.png, id=226, 469.755pt x 325.215pt>
File: ./images/unnamed-chunk-28-1.png Graphic file (type png)
<use ./images/unnamed-chunk-28-1.png>
Package pdftex.def Info: ./images/unnamed-chunk-28-1.png  used on input line 77
6.
(pdftex.def)             Requested size: 234.87749pt x 162.6071pt.
<./images/unnamed-chunk-28-2.png, id=227, 469.755pt x 325.215pt>
File: ./images/unnamed-chunk-28-2.png Graphic file (type png)
<use ./images/unnamed-chunk-28-2.png>
Package pdftex.def Info: ./images/unnamed-chunk-28-2.png  used on input line 77
7.
(pdftex.def)             Requested size: 234.87749pt x 162.6071pt.
<./images/unnamed-chunk-28-3.png, id=228, 469.755pt x 325.215pt>
File: ./images/unnamed-chunk-28-3.png Graphic file (type png)
<use ./images/unnamed-chunk-28-3.png>
Package pdftex.def Info: ./images/unnamed-chunk-28-3.png  used on input line 77
8.
(pdftex.def)             Requested size: 234.87749pt x 162.6071pt.
<./images/unnamed-chunk-28-4.png, id=229, 469.755pt x 325.215pt>
File: ./images/unnamed-chunk-28-4.png Graphic file (type png)
<use ./images/unnamed-chunk-28-4.png>
Package pdftex.def Info: ./images/unnamed-chunk-28-4.png  used on input line 77
9.
(pdftex.def)             Requested size: 234.87749pt x 162.6071pt.

Overfull \hbox (2.2222pt too wide) in paragraph at lines 776--780
[][] []
 []


Overfull \hbox (2.2222pt too wide) in paragraph at lines 776--780
[] [] 
 []

[13 <./images/unnamed-chunk-27-1.png> <./images/unnamed-chunk-28-1.png> <./imag
es/unnamed-chunk-28-2.png> <./images/unnamed-chunk-28-3.png> <./images/unnamed-
chunk-28-4.png>]
<./images/dadosHomogeneizados2-1.png, id=240, 216.81pt x 433.62pt>
File: ./images/dadosHomogeneizados2-1.png Graphic file (type png)
<use ./images/dadosHomogeneizados2-1.png>
Package pdftex.def Info: ./images/dadosHomogeneizados2-1.png  used on input lin
e 803.
(pdftex.def)             Requested size: 216.80946pt x 433.61894pt.

Underfull \vbox (badness 10000) has occurred while \output is active []

[14pdfTeX warning (ext4): destination with the same identifier (name{figure.7})
 has been already used, duplicate ignored
<argument> ...shipout:D \box_use:N \l_shipout_box 
                                                  \__shipout_drop_firstpage_...
l.835 
       <./images/dadosHomogeneizados2-1.png>]
<./images/unnamed-chunk-32-1.png, id=247, 433.62pt x 216.81pt>
File: ./images/unnamed-chunk-32-1.png Graphic file (type png)
<use ./images/unnamed-chunk-32-1.png>
Package pdftex.def Info: ./images/unnamed-chunk-32-1.png  used on input line 84
4.
(pdftex.def)             Requested size: 433.61894pt x 216.80946pt.
[15pdfTeX warning (ext4): destination with the same identifier (name{table.4}) 
has been already used, duplicate ignored
<argument> ...shipout:D \box_use:N \l_shipout_box 
                                                  \__shipout_drop_firstpage_...
l.866 \end{verbatim}
                     <./images/unnamed-chunk-32-1.png>]
<./images/unnamed-chunk-34-1.png, id=254, 433.62pt x 216.81pt>
File: ./images/unnamed-chunk-34-1.png Graphic file (type png)
<use ./images/unnamed-chunk-34-1.png>
Package pdftex.def Info: ./images/unnamed-chunk-34-1.png  used on input line 86
8.
(pdftex.def)             Requested size: 433.61894pt x 216.80946pt.
<./images/fit3Diagnostics-1.png, id=255, 469.755pt x 325.215pt>
File: ./images/fit3Diagnostics-1.png Graphic file (type png)
<use ./images/fit3Diagnostics-1.png>
Package pdftex.def Info: ./images/fit3Diagnostics-1.png  used on input line 871
.
(pdftex.def)             Requested size: 234.87749pt x 162.6071pt.
<./images/fit3Diagnostics-2.png, id=256, 469.755pt x 325.215pt>
File: ./images/fit3Diagnostics-2.png Graphic file (type png)
<use ./images/fit3Diagnostics-2.png>
Package pdftex.def Info: ./images/fit3Diagnostics-2.png  used on input line 871
.
(pdftex.def)             Requested size: 234.87749pt x 162.6071pt.
<./images/fit3Diagnostics-3.png, id=257, 469.755pt x 325.215pt>
File: ./images/fit3Diagnostics-3.png Graphic file (type png)
<use ./images/fit3Diagnostics-3.png>
Package pdftex.def Info: ./images/fit3Diagnostics-3.png  used on input line 871
.
(pdftex.def)             Requested size: 234.87749pt x 162.6071pt.
<./images/fit3Diagnostics-4.png, id=258, 469.755pt x 325.215pt>
File: ./images/fit3Diagnostics-4.png Graphic file (type png)
<use ./images/fit3Diagnostics-4.png>
Package pdftex.def Info: ./images/fit3Diagnostics-4.png  used on input line 871
.
(pdftex.def)             Requested size: 234.87749pt x 162.6071pt.

Overfull \hbox (2.2222pt too wide) in paragraph at lines 871--871
[][] []
 []


Overfull \hbox (2.2222pt too wide) in paragraph at lines 871--871
[] []
 []


Underfull \vbox (badness 10000) has occurred while \output is active []

[16 <./images/unnamed-chunk-34-1.png>]
<./images/rightModel3-1.png, id=264, 469.755pt x 325.215pt>
File: ./images/rightModel3-1.png Graphic file (type png)
<use ./images/rightModel3-1.png>
Package pdftex.def Info: ./images/rightModel3-1.png  used on input line 876.
(pdftex.def)             Requested size: 469.75386pt x 325.2142pt.
<./images/dadosHomogeneizados3-1.png, id=265, 433.62pt x 216.81pt>
File: ./images/dadosHomogeneizados3-1.png Graphic file (type png)
<use ./images/dadosHomogeneizados3-1.png>
Package pdftex.def Info: ./images/dadosHomogeneizados3-1.png  used on input lin
e 895.
(pdftex.def)             Requested size: 433.61894pt x 216.80946pt.

Underfull \vbox (badness 2856) has occurred while \output is active []

[17pdfTeX warning (ext4): destination with the same identifier (name{figure.8})
 has been already used, duplicate ignored
<argument> ...shipout:D \box_use:N \l_shipout_box 
                                                  \__shipout_drop_firstpage_...
l.932 \leavevmode
                 \hypertarget{ref-faraway2004linear}{}% <./images/fit3Diagnosti
cs-1.png> <./images/fit3Diagnostics-2.png> <./images/fit3Diagnostics-3.png> <./
images/fit3Diagnostics-4.png>] [18pdfTeX warning (ext4): destination with the s
ame identifier (name{figure.9}) has been already used, duplicate ignored
<argument> ...shipout:D \box_use:N \l_shipout_box 
                                                  \__shipout_drop_firstpage_...
l.932 \leavevmode
                 \hypertarget{ref-faraway2004linear}{}%pdfTeX warning (ext4): d
estination with the same identifier (name{figure.10}) has been already used, du
plicate ignored
<argument> ...shipout:D \box_use:N \l_shipout_box 
                                                  \__shipout_drop_firstpage_...
l.932 \leavevmode
                 \hypertarget{ref-faraway2004linear}{}% <./images/rightModel3-1
.png> <./images/dadosHomogeneizados3-1.png>]
No file Artigo.bbl.
[19] (./Artigo.aux)

LaTeX Font Warning: Some font shapes were not available, defaults substituted.


LaTeX Warning: There were undefined references.


LaTeX Warning: There were multiply-defined labels.

Package rerunfilecheck Info: File `Artigo.out' has not changed.
(rerunfilecheck)             Checksum: 8F437932991461A07AF8168DA45F8CFF;1844.
 ) 
Here is how much of TeX's memory you used:
 13218 strings out of 480453
 211519 string characters out of 5895795
 671842 words of memory out of 5000000
 30449 multiletter control sequences out of 15000+600000
 469460 words of font info for 125 fonts, out of 8000000 for 9000
 16 hyphenation exceptions out of 8191
 72i,12n,80p,395b,503s stack positions out of 5000i,500n,10000p,200000b,80000s
{c:/Users/lfpdr/AppData/Roaming/TinyTeX/texmf-dist/fonts/enc/dvips/lm/lm-rm.e
nc}{c:/Users/lfpdr/AppData/Roaming/TinyTeX/texmf-dist/fonts/enc/dvips/lm/lm-mat
hsy.enc}{c:/Users/lfpdr/AppData/Roaming/TinyTeX/texmf-dist/fonts/enc/dvips/lm/l
m-mathit.enc}{c:/Users/lfpdr/AppData/Roaming/TinyTeX/texmf-dist/fonts/enc/dvips
/lm/lm-ec.enc}{c:/Users/lfpdr/AppData/Roaming/TinyTeX/texmf-dist/fonts/enc/dvip
s/lm/lm-ts1.enc}{c:/Users/lfpdr/AppData/Roaming/TinyTeX/texmf-dist/fonts/enc/dv
ips/lm/lm-mathex.enc}<c:/Users/lfpdr/AppData/Roaming/TinyTeX/texmf-dist/fonts/t
ype1/public/lm/lmbx10.pfb><c:/Users/lfpdr/AppData/Roaming/TinyTeX/texmf-dist/fo
nts/type1/public/lm/lmbx12.pfb><c:/Users/lfpdr/AppData/Roaming/TinyTeX/texmf-di
st/fonts/type1/public/lm/lmbxi10.pfb><c:/Users/lfpdr/AppData/Roaming/TinyTeX/te
xmf-dist/fonts/type1/public/lm/lmcsc10.pfb><c:/Users/lfpdr/AppData/Roaming/Tiny
TeX/texmf-dist/fonts/type1/public/lm/lmex10.pfb><c:/Users/lfpdr/AppData/Roaming
/TinyTeX/texmf-dist/fonts/type1/public/lm/lmmi10.pfb><c:/Users/lfpdr/AppData/Ro
aming/TinyTeX/texmf-dist/fonts/type1/public/lm/lmmi7.pfb><c:/Users/lfpdr/AppDat
a/Roaming/TinyTeX/texmf-dist/fonts/type1/public/lm/lmmi9.pfb><c:/Users/lfpdr/Ap
pData/Roaming/TinyTeX/texmf-dist/fonts/type1/public/lm/lmr10.pfb><c:/Users/lfpd
r/AppData/Roaming/TinyTeX/texmf-dist/fonts/type1/public/lm/lmr6.pfb><c:/Users/l
fpdr/AppData/Roaming/TinyTeX/texmf-dist/fonts/type1/public/lm/lmr7.pfb><c:/User
s/lfpdr/AppData/Roaming/TinyTeX/texmf-dist/fonts/type1/public/lm/lmr9.pfb><c:/U
sers/lfpdr/AppData/Roaming/TinyTeX/texmf-dist/fonts/type1/public/lm/lmri10.pfb>
<c:/Users/lfpdr/AppData/Roaming/TinyTeX/texmf-dist/fonts/type1/public/lm/lmsy10
.pfb><c:/Users/lfpdr/AppData/Roaming/TinyTeX/texmf-dist/fonts/type1/public/lm/l
msy7.pfb><c:/Users/lfpdr/AppData/Roaming/TinyTeX/texmf-dist/fonts/type1/public/
lm/lmsy9.pfb><c:/Users/lfpdr/AppData/Roaming/TinyTeX/texmf-dist/fonts/type1/pub
lic/lm/lmtk10.pfb><c:/Users/lfpdr/AppData/Roaming/TinyTeX/texmf-dist/fonts/type
1/public/lm/lmtt10.pfb><c:/Users/lfpdr/AppData/Roaming/TinyTeX/texmf-dist/fonts
/type1/public/amsfonts/symbols/msbm10.pfb>
Output written on Artigo.pdf (19 pages, 2251028 bytes).
PDF statistics:
 410 PDF objects out of 1000 (max. 8388607)
 281 compressed objects within 3 object streams
 83 named destinations out of 1000 (max. 500000)
 38156 words of extra memory for PDF output out of 42996 (max. 10000000)

